C:\USERS\LENOVO\DESKTOP\NETWORKS PROJECT\NETWORKSPROJECT\CRC_PROJECT\CRC_PROJECT\DEBUG\SOURCE.OBJ
C:\USERS\LENOVO\DESKTOP\NETWORKS PROJECT\NETWORKSPROJECT\CRC_PROJECT\CRC_PROJECT\DEBUG\VC110.PDB
C:\USERS\LENOVO\DESKTOP\NETWORKS PROJECT\NETWORKSPROJECT\CRC_PROJECT\DEBUG\CRC_PROJECT.ILK
C:\USERS\LENOVO\DESKTOP\NETWORKS PROJECT\NETWORKSPROJECT\CRC_PROJECT\DEBUG\CRC_PROJECT.EXE
C:\USERS\LENOVO\DESKTOP\NETWORKS PROJECT\NETWORKSPROJECT\CRC_PROJECT\DEBUG\CRC_PROJECT.PDB
C:\Users\Lenovo\Desktop\Networks Project\NetworksProject\CRC_Project\CRC_Project\Debug\Source.obj
C:\Users\Lenovo\Desktop\Networks Project\NetworksProject\CRC_Project\CRC_Project\Debug\cl.command.1.tlog
C:\Users\Lenovo\Desktop\Networks Project\NetworksProject\CRC_Project\CRC_Project\Debug\CL.read.1.tlog
C:\Users\Lenovo\Desktop\Networks Project\NetworksProject\CRC_Project\CRC_Project\Debug\CL.write.1.tlog
C:\Users\Lenovo\Desktop\Networks Project\NetworksProject\CRC_Project\CRC_Project\Debug\link-cvtres.read.1.tlog
C:\Users\Lenovo\Desktop\Networks Project\NetworksProject\CRC_Project\CRC_Project\Debug\link-cvtres.write.1.tlog
C:\Users\Lenovo\Desktop\Networks Project\NetworksProject\CRC_Project\CRC_Project\Debug\link-rc.read.1.tlog
C:\Users\Lenovo\Desktop\Networks Project\NetworksProject\CRC_Project\CRC_Project\Debug\link-rc.write.1.tlog
C:\Users\Lenovo\Desktop\Networks Project\NetworksProject\CRC_Project\CRC_Project\Debug\link.17128-cvtres.read.1.tlog
C:\Users\Lenovo\Desktop\Networks Project\NetworksProject\CRC_Project\CRC_Project\Debug\link.17128-cvtres.write.1.tlog
C:\Users\Lenovo\Desktop\Networks Project\NetworksProject\CRC_Project\CRC_Project\Debug\link.17128-rc.read.1.tlog
C:\Users\Lenovo\Desktop\Networks Project\NetworksProject\CRC_Project\CRC_Project\Debug\link.17128-rc.write.1.tlog
C:\Users\Lenovo\Desktop\Networks Project\NetworksProject\CRC_Project\CRC_Project\Debug\link.17128.read.1.tlog
C:\Users\Lenovo\Desktop\Networks Project\NetworksProject\CRC_Project\CRC_Project\Debug\link.17128.write.1.tlog
C:\Users\Lenovo\Desktop\Networks Project\NetworksProject\CRC_Project\CRC_Project\Debug\link.5232-cvtres.read.1.tlog
C:\Users\Lenovo\Desktop\Networks Project\NetworksProject\CRC_Project\CRC_Project\Debug\link.5232-cvtres.write.1.tlog
C:\Users\Lenovo\Desktop\Networks Project\NetworksProject\CRC_Project\CRC_Project\Debug\link.5232-rc.read.1.tlog
C:\Users\Lenovo\Desktop\Networks Project\NetworksProject\CRC_Project\CRC_Project\Debug\link.5232-rc.write.1.tlog
C:\Users\Lenovo\Desktop\Networks Project\NetworksProject\CRC_Project\CRC_Project\Debug\link.5232.read.1.tlog
C:\Users\Lenovo\Desktop\Networks Project\NetworksProject\CRC_Project\CRC_Project\Debug\link.5232.write.1.tlog
C:\Users\Lenovo\Desktop\Networks Project\NetworksProject\CRC_Project\CRC_Project\Debug\link.command.1.tlog
C:\Users\Lenovo\Desktop\Networks Project\NetworksProject\CRC_Project\CRC_Project\Debug\link.read.1.tlog
C:\Users\Lenovo\Desktop\Networks Project\NetworksProject\CRC_Project\CRC_Project\Debug\link.write.1.tlog
C:\Users\Lenovo\Desktop\Networks Project\NetworksProject\CRC_Project\CRC_Project\Debug\vc110.idb
C:\Users\Lenovo\Desktop\Networks Project\NetworksProject\CRC_Project\CRC_Project\Debug\vc110.pdb
C:\Users\Lenovo\Desktop\Networks Project\NetworksProject\CRC_Project\Debug\CRC_Project.pdb
C:\Users\Lenovo\Desktop\Networks Project\NetworksProject\CRC_Project\Debug\CRC_Project.exe
C:\Users\Lenovo\Desktop\Networks Project\NetworksProject\CRC_Project\Debug\CRC_Project.ilk
